{
"contracts\\FundMe.sol":{"l":{"47":14,"48":13,"65":21,"66":21,"71":13,"76":11,"77":11,"78":11,"82":7,"87":1,"88":1,"90":7,"96":7,"97":7,"98":7,"99":7,"104":1,"106":1,"111":6,"112":6,"114":1,"116":1,"117":1,"129":6,"137":2,"145":1,"150":5,"152":4,"153":0,"154":0,"155":0,"156":0,"158":0,"159":0,"160":0,"161":0},"path":"C:\\Users\\jafari\\function1\\contracts\\FundMe.sol","s":{"1":14,"2":13,"3":11,"4":11,"5":7,"6":1,"7":7,"8":7,"9":7,"10":7,"11":1,"12":1,"13":6,"14":1,"15":1,"16":6,"17":2,"18":1,"19":5,"20":4,"21":0,"22":0,"23":0,"24":0,"25":0,"26":0,"27":0},"b":{"1":[1,13],"2":[11,2],"3":[7,1],"4":[7,0],"5":[1,0],"6":[1,0],"7":[5,0],"8":[4,1],"9":[0,4],"10":[0,0],"11":[0,0]},"f":{"1":14,"2":21,"3":13,"4":7,"5":1,"6":6,"7":2,"8":1,"9":5},"fnMap":{"1":{"name":"onlyOwner","line":45,"loc":{"start":{"line":45,"column":4},"end":{"line":49,"column":4}}},"2":{"name":"constructor","line":64,"loc":{"start":{"line":64,"column":4},"end":{"line":67,"column":4}}},"3":{"name":"fund","line":70,"loc":{"start":{"line":70,"column":4},"end":{"line":80,"column":4}}},"4":{"name":"withdraw","line":81,"loc":{"start":{"line":81,"column":4},"end":{"line":101,"column":4}}},"5":{"name":"cheaperWithdraw","line":103,"loc":{"start":{"line":103,"column":4},"end":{"line":118,"column":4}}},"6":{"name":"getAddressToAmountFunded","line":124,"loc":{"start":{"line":124,"column":4},"end":{"line":130,"column":4}}},"7":{"name":"getFunder","line":136,"loc":{"start":{"line":136,"column":4},"end":{"line":138,"column":4}}},"8":{"name":"getPriceFeed","line":144,"loc":{"start":{"line":144,"column":4},"end":{"line":146,"column":4}}},"9":{"name":"refund","line":149,"loc":{"start":{"line":149,"column":4},"end":{"line":163,"column":4}}}},"statementMap":{"1":{"start":{"line":47,"column":8},"end":{"line":47,"column":60}},"2":{"start":{"line":71,"column":8},"end":{"line":71,"column":2005}},"3":{"start":{"line":77,"column":8},"end":{"line":77,"column":33}},"4":{"start":{"line":78,"column":8},"end":{"line":78,"column":79}},"5":{"start":{"line":82,"column":8},"end":{"line":82,"column":2480}},"6":{"start":{"line":87,"column":12},"end":{"line":87,"column":51}},"7":{"start":{"line":96,"column":8},"end":{"line":96,"column":55}},"8":{"start":{"line":97,"column":8},"end":{"line":97,"column":73}},"9":{"start":{"line":98,"column":8},"end":{"line":98,"column":23}},"10":{"start":{"line":99,"column":8},"end":{"line":99,"column":98}},"11":{"start":{"line":104,"column":8},"end":{"line":104,"column":44}},"12":{"start":{"line":106,"column":8},"end":{"line":106,"column":3459}},"13":{"start":{"line":111,"column":12},"end":{"line":111,"column":49}},"14":{"start":{"line":116,"column":8},"end":{"line":116,"column":73}},"15":{"start":{"line":117,"column":8},"end":{"line":117,"column":23}},"16":{"start":{"line":129,"column":8},"end":{"line":129,"column":54}},"17":{"start":{"line":137,"column":8},"end":{"line":137,"column":31}},"18":{"start":{"line":145,"column":8},"end":{"line":145,"column":26}},"19":{"start":{"line":150,"column":8},"end":{"line":150,"column":70}},"20":{"start":{"line":152,"column":8},"end":{"line":152,"column":107}},"21":{"start":{"line":153,"column":8},"end":{"line":153,"column":70}},"22":{"start":{"line":154,"column":8},"end":{"line":154,"column":99}},"23":{"start":{"line":155,"column":8},"end":{"line":155,"column":45}},"24":{"start":{"line":156,"column":8},"end":{"line":156,"column":45}},"25":{"start":{"line":158,"column":8},"end":{"line":158,"column":109}},"26":{"start":{"line":160,"column":8},"end":{"line":160,"column":51}},"27":{"start":{"line":161,"column":8},"end":{"line":161,"column":84}}},"branchMap":{"1":{"line":47,"type":"if","locations":[{"start":{"line":47,"column":8},"end":{"line":47,"column":8}},{"start":{"line":47,"column":8},"end":{"line":47,"column":8}}]},"2":{"line":71,"type":"if","locations":[{"start":{"line":71,"column":8},"end":{"line":71,"column":8}},{"start":{"line":71,"column":8},"end":{"line":71,"column":8}}]},"3":{"line":81,"type":"if","locations":[{"start":{"line":81,"column":31},"end":{"line":81,"column":31}},{"start":{"line":81,"column":31},"end":{"line":81,"column":31}}]},"4":{"line":98,"type":"if","locations":[{"start":{"line":98,"column":8},"end":{"line":98,"column":8}},{"start":{"line":98,"column":8},"end":{"line":98,"column":8}}]},"5":{"line":103,"type":"if","locations":[{"start":{"line":103,"column":38},"end":{"line":103,"column":38}},{"start":{"line":103,"column":38},"end":{"line":103,"column":38}}]},"6":{"line":117,"type":"if","locations":[{"start":{"line":117,"column":8},"end":{"line":117,"column":8}},{"start":{"line":117,"column":8},"end":{"line":117,"column":8}}]},"7":{"line":149,"type":"if","locations":[{"start":{"line":149,"column":78},"end":{"line":149,"column":78}},{"start":{"line":149,"column":78},"end":{"line":149,"column":78}}]},"8":{"line":150,"type":"if","locations":[{"start":{"line":150,"column":8},"end":{"line":150,"column":8}},{"start":{"line":150,"column":8},"end":{"line":150,"column":8}}]},"9":{"line":152,"type":"if","locations":[{"start":{"line":152,"column":8},"end":{"line":152,"column":8}},{"start":{"line":152,"column":8},"end":{"line":152,"column":8}}]},"10":{"line":154,"type":"if","locations":[{"start":{"line":154,"column":8},"end":{"line":154,"column":8}},{"start":{"line":154,"column":8},"end":{"line":154,"column":8}}]},"11":{"line":158,"type":"if","locations":[{"start":{"line":158,"column":8},"end":{"line":158,"column":8}},{"start":{"line":158,"column":8},"end":{"line":158,"column":8}}]}}},
"contracts\\PriceConverter.sol":{"l":{"12":24,"14":23,"25":24,"26":23,"28":23},"path":"C:\\Users\\jafari\\function1\\contracts\\PriceConverter.sol","s":{"1":24,"2":23,"3":24,"4":23,"5":23},"b":{},"f":{"1":24,"2":24},"fnMap":{"1":{"name":"getPrice","line":7,"loc":{"start":{"line":7,"column":2},"end":{"line":15,"column":2}}},"2":{"name":"getConversionRate","line":20,"loc":{"start":{"line":20,"column":2},"end":{"line":29,"column":2}}}},"statementMap":{"1":{"start":{"line":12,"column":4},"end":{"line":12,"column":57}},"2":{"start":{"line":14,"column":4},"end":{"line":14,"column":40}},"3":{"start":{"line":25,"column":4},"end":{"line":25,"column":42}},"4":{"start":{"line":26,"column":4},"end":{"line":26,"column":73}},"5":{"start":{"line":28,"column":4},"end":{"line":28,"column":25}}},"branchMap":{}},
"contracts\\test\\MockV3Aggregator.sol":{"l":{},"path":"C:\\Users\\jafari\\function1\\contracts\\test\\MockV3Aggregator.sol","s":{},"b":{},"f":{},"fnMap":{},"statementMap":{},"branchMap":{}}}
