TN:
SF:C:\Users\jafari\function1\contracts\FundMe.sol
FN:45,onlyOwner
FN:64,constructor
FN:70,fund
FN:81,withdraw
FN:103,cheaperWithdraw
FN:124,getAddressToAmountFunded
FN:136,getFunder
FN:144,getPriceFeed
FN:149,refund
FNF:9
FNH:9
FNDA:14,onlyOwner
FNDA:21,constructor
FNDA:13,fund
FNDA:7,withdraw
FNDA:1,cheaperWithdraw
FNDA:6,getAddressToAmountFunded
FNDA:2,getFunder
FNDA:1,getPriceFeed
FNDA:5,refund
DA:47,14
DA:48,13
DA:65,21
DA:66,21
DA:71,13
DA:76,11
DA:77,11
DA:78,11
DA:82,7
DA:87,1
DA:88,1
DA:90,7
DA:96,7
DA:97,7
DA:98,7
DA:99,7
DA:104,1
DA:106,1
DA:111,6
DA:112,6
DA:114,1
DA:116,1
DA:117,1
DA:129,6
DA:137,2
DA:145,1
DA:150,5
DA:152,4
DA:153,0
DA:154,0
DA:155,0
DA:156,0
DA:158,0
DA:159,0
DA:160,0
DA:161,0
LF:36
LH:28
BRDA:47,1,0,1
BRDA:47,1,1,13
BRDA:71,2,0,11
BRDA:71,2,1,2
BRDA:81,3,0,7
BRDA:81,3,1,1
BRDA:98,4,0,7
BRDA:98,4,1,0
BRDA:103,5,0,1
BRDA:103,5,1,0
BRDA:117,6,0,1
BRDA:117,6,1,0
BRDA:149,7,0,5
BRDA:149,7,1,0
BRDA:150,8,0,4
BRDA:150,8,1,1
BRDA:152,9,0,0
BRDA:152,9,1,4
BRDA:154,10,0,0
BRDA:154,10,1,0
BRDA:158,11,0,0
BRDA:158,11,1,0
BRF:22
BRH:13
end_of_record
TN:
SF:C:\Users\jafari\function1\contracts\PriceConverter.sol
FN:7,getPrice
FN:20,getConversionRate
FNF:2
FNH:2
FNDA:24,getPrice
FNDA:24,getConversionRate
DA:12,24
DA:14,23
DA:25,24
DA:26,23
DA:28,23
LF:5
LH:5
BRF:0
BRH:0
end_of_record
TN:
SF:C:\Users\jafari\function1\contracts\test\MockV3Aggregator.sol
FNF:0
FNH:0
LF:0
LH:0
BRF:0
BRH:0
end_of_record
